2019-03-17 02:18:48,618 - toptechtool - Checking for updates...
2019-03-17 02:18:48,957 - toptechtool - >>> UPDATE AVAILABLE <<< Please update Instabot. You are running an older version.
2019-03-17 02:18:48,957 - toptechtool - Instabot v1.2.1/0 started at 17.03.2019 02:18:
2019-03-17 02:18:48,957 - toptechtool - Found session file TopTechTool.session
2019-03-17 02:18:51,755 - toptechtool - toptechtool login success!

2019-03-17 02:18:51,755 - toptechtool - Saving cookies to session file TopTechTool.session
2019-03-17 02:18:51,761 - toptechtool - Get Media by tag: tecnología
2019-03-17 02:18:53,710 - toptechtool - Removing already liked medias..
2019-03-17 02:18:53,914 - toptechtool - # ------------------- Like -------------------
2019-03-17 02:18:53,917 - toptechtool - Trying to like media: 2001259052428692734
2019-03-17 02:18:54,496 - toptechtool - Liked: 2001259052428692734. Like #1.
2019-03-17 02:18:54,496 - toptechtool - # ------------------- Follow -------------------
2019-03-17 02:18:54,497 - toptechtool - Trying to follow: 7200838988
2019-03-17 02:18:55,047 - toptechtool - Followed: 7200838988 #1.
2019-03-17 02:18:59,320 - toptechtool - # ------------------- Unfollow -------------------
2019-03-17 02:18:59,320 - toptechtool - # ------------------- Comment -------------------
2019-03-17 02:18:59,702 - toptechtool - Trying to comment: 2001258323416882706
2019-03-17 02:19:01,392 - toptechtool - Write: Wow fotazo me parece muy buena, me ha encantado!!! ^^. #1.
2019-03-17 02:19:06,398 - toptechtool - # ------------------- Like -------------------
2019-03-17 02:19:06,398 - toptechtool - # ------------------- Follow -------------------
2019-03-17 02:19:06,398 - toptechtool - # ------------------- Unfollow -------------------
2019-03-17 02:19:06,398 - toptechtool - # ------------------- Comment -------------------
2019-03-17 02:19:11,403 - toptechtool - # ------------------- Like -------------------
2019-03-17 02:19:11,404 - toptechtool - # ------------------- Follow -------------------
2019-03-17 02:19:11,404 - toptechtool - # ------------------- Unfollow -------------------
2019-03-17 02:19:11,404 - toptechtool - # ------------------- Comment -------------------
2019-03-17 02:19:16,409 - toptechtool - # ------------------- Like -------------------
2019-03-17 02:19:16,409 - toptechtool - # ------------------- Follow -------------------
2019-03-17 02:19:16,409 - toptechtool - # ------------------- Unfollow -------------------
2019-03-17 02:19:16,409 - toptechtool - # ------------------- Comment -------------------
2019-03-17 02:19:21,414 - toptechtool - # ------------------- Like -------------------
2019-03-17 02:19:21,415 - toptechtool - # ------------------- Follow -------------------
2019-03-17 02:19:21,415 - toptechtool - # ------------------- Unfollow -------------------
2019-03-17 02:19:21,415 - toptechtool - toptechtool : Get media id on recent feed
2019-03-17 02:19:22,632 - toptechtool - Media in recent feed = 12
2019-03-17 02:19:22,672 - toptechtool - Trying to unfollow #1:
2019-03-17 02:19:22,680 - toptechtool - Getting user info : martintallarico
2019-03-17 02:19:23,459 - toptechtool - Checking user info..
2019-03-17 02:19:23,459 - toptechtool - Follower : 543
2019-03-17 02:19:23,459 - toptechtool - Following : 634
2019-03-17 02:19:23,459 - toptechtool - Media : 213
2019-03-17 02:19:23,459 - toptechtool -    >>>This is a normal account
2019-03-17 02:19:23,459 - toptechtool -    >>>This user is active
2019-03-17 02:19:23,459 - toptechtool -    >>>This account is NOT following you
2019-03-17 02:19:23,459 - toptechtool -    >>>You are following this account
2019-03-17 02:19:23,459 - toptechtool - martintallarico
2019-03-17 02:19:24,067 - toptechtool - Unfollowed: 511140135 #1.
2019-03-17 02:19:24,080 - toptechtool - # ------------------- Comment -------------------
2019-03-17 02:19:29,085 - toptechtool - # ------------------- Like -------------------
2019-03-17 02:19:29,085 - toptechtool - # ------------------- Follow -------------------
2019-03-17 02:19:29,085 - toptechtool - # ------------------- Unfollow -------------------
2019-03-17 02:19:29,085 - toptechtool - # ------------------- Comment -------------------
2019-03-17 02:19:34,091 - toptechtool - # ------------------- Like -------------------
2019-03-17 02:19:34,091 - toptechtool - # ------------------- Follow -------------------
2019-03-17 02:19:34,091 - toptechtool - # ------------------- Unfollow -------------------
2019-03-17 02:19:34,091 - toptechtool - # ------------------- Comment -------------------
2019-03-17 02:19:39,096 - toptechtool - # ------------------- Like -------------------
2019-03-17 02:19:39,097 - toptechtool - # ------------------- Follow -------------------
2019-03-17 02:19:39,097 - toptechtool - # ------------------- Unfollow -------------------
2019-03-17 02:19:39,097 - toptechtool - # ------------------- Comment -------------------
2019-03-17 02:19:44,102 - toptechtool - # ------------------- Like -------------------
2019-03-17 02:19:44,102 - toptechtool - # ------------------- Follow -------------------
2019-03-17 02:19:44,102 - toptechtool - # ------------------- Unfollow -------------------
2019-03-17 02:19:44,102 - toptechtool - # ------------------- Comment -------------------
2019-03-17 02:19:49,107 - toptechtool - # ------------------- Like -------------------
2019-03-17 02:19:49,108 - toptechtool - # ------------------- Follow -------------------
2019-03-17 02:19:49,108 - toptechtool - # ------------------- Unfollow -------------------
2019-03-17 02:19:49,108 - toptechtool - # ------------------- Comment -------------------
2019-03-17 02:19:54,113 - toptechtool - # ------------------- Like -------------------
2019-03-17 02:19:54,114 - toptechtool - # ------------------- Follow -------------------
2019-03-17 02:19:54,114 - toptechtool - # ------------------- Unfollow -------------------
2019-03-17 02:19:54,115 - toptechtool - # ------------------- Comment -------------------
2019-03-17 02:19:59,120 - toptechtool - # ------------------- Like -------------------
2019-03-17 02:19:59,120 - toptechtool - # ------------------- Follow -------------------
2019-03-17 02:19:59,120 - toptechtool - # ------------------- Unfollow -------------------
2019-03-17 02:19:59,120 - toptechtool - # ------------------- Comment -------------------
2019-03-17 02:20:04,125 - toptechtool - # ------------------- Like -------------------
2019-03-17 02:20:04,126 - toptechtool - # ------------------- Follow -------------------
2019-03-17 02:20:04,126 - toptechtool - # ------------------- Unfollow -------------------
2019-03-17 02:20:04,126 - toptechtool - # ------------------- Comment -------------------
2019-03-17 02:20:09,131 - toptechtool - # ------------------- Like -------------------
2019-03-17 02:20:09,131 - toptechtool - # ------------------- Follow -------------------
2019-03-17 02:20:09,131 - toptechtool - # ------------------- Unfollow -------------------
2019-03-17 02:20:09,131 - toptechtool - # ------------------- Comment -------------------
2019-03-17 02:20:14,137 - toptechtool - # ------------------- Like -------------------
2019-03-17 02:20:14,137 - toptechtool - # ------------------- Follow -------------------
2019-03-17 02:20:14,137 - toptechtool - # ------------------- Unfollow -------------------
2019-03-17 02:20:14,137 - toptechtool - # ------------------- Comment -------------------
2019-03-17 02:20:19,142 - toptechtool - # ------------------- Like -------------------
2019-03-17 02:20:19,142 - toptechtool - # ------------------- Follow -------------------
2019-03-17 02:20:19,142 - toptechtool - # ------------------- Unfollow -------------------
2019-03-17 02:20:19,142 - toptechtool - # ------------------- Comment -------------------
2019-03-17 02:20:24,148 - toptechtool - # ------------------- Like -------------------
2019-03-17 02:20:24,149 - toptechtool - # ------------------- Follow -------------------
2019-03-17 02:20:24,149 - toptechtool - # ------------------- Unfollow -------------------
2019-03-17 02:20:24,149 - toptechtool - # ------------------- Comment -------------------
2019-03-17 02:20:29,154 - toptechtool - # ------------------- Like -------------------
2019-03-17 02:20:29,155 - toptechtool - # ------------------- Follow -------------------
2019-03-17 02:20:29,155 - toptechtool - # ------------------- Unfollow -------------------
2019-03-17 02:20:29,155 - toptechtool - # ------------------- Comment -------------------
2019-03-17 02:20:34,160 - toptechtool - # ------------------- Like -------------------
2019-03-17 02:20:34,160 - toptechtool - # ------------------- Follow -------------------
2019-03-17 02:20:34,160 - toptechtool - # ------------------- Unfollow -------------------
2019-03-17 02:20:34,160 - toptechtool - # ------------------- Comment -------------------
2019-03-17 02:20:39,166 - toptechtool - # ------------------- Like -------------------
2019-03-17 02:20:39,166 - toptechtool - # ------------------- Follow -------------------
2019-03-17 02:20:39,166 - toptechtool - # ------------------- Unfollow -------------------
2019-03-17 02:20:39,166 - toptechtool - # ------------------- Comment -------------------
2019-03-17 02:20:44,171 - toptechtool - # ------------------- Like -------------------
2019-03-17 02:20:44,171 - toptechtool - # ------------------- Follow -------------------
2019-03-17 02:20:44,171 - toptechtool - # ------------------- Unfollow -------------------
2019-03-17 02:20:44,171 - toptechtool - # ------------------- Comment -------------------
2019-03-17 02:20:49,177 - toptechtool - # ------------------- Like -------------------
2019-03-17 02:20:49,177 - toptechtool - # ------------------- Follow -------------------
2019-03-17 02:20:49,177 - toptechtool - # ------------------- Unfollow -------------------
2019-03-17 02:20:49,177 - toptechtool - # ------------------- Comment -------------------
2019-03-17 02:20:54,182 - toptechtool - # ------------------- Like -------------------
2019-03-17 02:20:54,187 - toptechtool - Trying to like media: 2001239993377227508
2019-03-17 02:20:54,705 - toptechtool - Liked: 2001239993377227508. Like #2.
2019-03-17 02:20:54,705 - toptechtool - # ------------------- Follow -------------------
2019-03-17 02:20:54,705 - toptechtool - # ------------------- Unfollow -------------------
2019-03-17 02:20:54,705 - toptechtool - # ------------------- Comment -------------------
2019-03-17 02:20:59,710 - toptechtool - # ------------------- Like -------------------
2019-03-17 02:20:59,710 - toptechtool - # ------------------- Follow -------------------
2019-03-17 02:20:59,711 - toptechtool - # ------------------- Unfollow -------------------
2019-03-17 02:20:59,711 - toptechtool - # ------------------- Comment -------------------
2019-03-17 02:21:04,716 - toptechtool - # ------------------- Like -------------------
2019-03-17 02:21:04,716 - toptechtool - # ------------------- Follow -------------------
2019-03-17 02:21:04,716 - toptechtool - # ------------------- Unfollow -------------------
2019-03-17 02:21:04,716 - toptechtool - # ------------------- Comment -------------------
2019-03-17 02:21:09,721 - toptechtool - # ------------------- Like -------------------
2019-03-17 02:21:09,722 - toptechtool - # ------------------- Follow -------------------
2019-03-17 02:21:09,722 - toptechtool - # ------------------- Unfollow -------------------
2019-03-17 02:21:09,722 - toptechtool - # ------------------- Comment -------------------
2019-03-17 02:21:14,727 - toptechtool - # ------------------- Like -------------------
2019-03-17 02:21:14,727 - toptechtool - # ------------------- Follow -------------------
2019-03-17 02:21:14,727 - toptechtool - # ------------------- Unfollow -------------------
2019-03-17 02:21:14,727 - toptechtool - # ------------------- Comment -------------------
2019-03-17 02:21:19,729 - toptechtool - # ------------------- Like -------------------
2019-03-17 02:21:19,729 - toptechtool - # ------------------- Follow -------------------
2019-03-17 02:21:19,729 - toptechtool - # ------------------- Unfollow -------------------
2019-03-17 02:21:19,729 - toptechtool - # ------------------- Comment -------------------
2019-03-17 02:21:24,730 - toptechtool - # ------------------- Like -------------------
2019-03-17 02:21:24,730 - toptechtool - # ------------------- Follow -------------------
2019-03-17 02:21:24,730 - toptechtool - # ------------------- Unfollow -------------------
2019-03-17 02:21:24,731 - toptechtool - # ------------------- Comment -------------------
2019-03-17 02:21:29,731 - toptechtool - # ------------------- Like -------------------
2019-03-17 02:21:29,731 - toptechtool - # ------------------- Follow -------------------
2019-03-17 02:21:29,731 - toptechtool - # ------------------- Unfollow -------------------
2019-03-17 02:21:29,731 - toptechtool - # ------------------- Comment -------------------
2019-03-17 02:21:34,732 - toptechtool - # ------------------- Like -------------------
2019-03-17 02:21:34,732 - toptechtool - # ------------------- Follow -------------------
2019-03-17 02:21:34,732 - toptechtool - # ------------------- Unfollow -------------------
2019-03-17 02:21:34,732 - toptechtool - # ------------------- Comment -------------------
2019-03-17 02:21:39,733 - toptechtool - # ------------------- Like -------------------
2019-03-17 02:21:39,733 - toptechtool - # ------------------- Follow -------------------
2019-03-17 02:21:39,733 - toptechtool - # ------------------- Unfollow -------------------
2019-03-17 02:21:39,733 - toptechtool - # ------------------- Comment -------------------
2019-03-17 02:21:44,734 - toptechtool - # ------------------- Like -------------------
2019-03-17 02:21:44,734 - toptechtool - # ------------------- Follow -------------------
2019-03-17 02:21:44,734 - toptechtool - # ------------------- Unfollow -------------------
2019-03-17 02:21:44,734 - toptechtool - # ------------------- Comment -------------------
2019-03-17 02:21:49,735 - toptechtool - # ------------------- Like -------------------
2019-03-17 02:21:49,735 - toptechtool - # ------------------- Follow -------------------
2019-03-17 02:21:49,735 - toptechtool - # ------------------- Unfollow -------------------
2019-03-17 02:21:49,735 - toptechtool - # ------------------- Comment -------------------
2019-03-17 02:21:54,736 - toptechtool - # ------------------- Like -------------------
2019-03-17 02:21:54,736 - toptechtool - # ------------------- Follow -------------------
2019-03-17 02:21:54,737 - toptechtool - # ------------------- Unfollow -------------------
2019-03-17 02:21:54,737 - toptechtool - # ------------------- Comment -------------------
2019-03-17 02:21:59,738 - toptechtool - # ------------------- Like -------------------
2019-03-17 02:21:59,738 - toptechtool - # ------------------- Follow -------------------
2019-03-17 02:21:59,738 - toptechtool - # ------------------- Unfollow -------------------
2019-03-17 02:21:59,738 - toptechtool - # ------------------- Comment -------------------
2019-03-17 02:22:04,738 - toptechtool - # ------------------- Like -------------------
2019-03-17 02:22:04,739 - toptechtool - # ------------------- Follow -------------------
2019-03-17 02:22:04,739 - toptechtool - # ------------------- Unfollow -------------------
2019-03-17 02:22:04,739 - toptechtool - # ------------------- Comment -------------------
2019-03-17 02:22:09,740 - toptechtool - # ------------------- Like -------------------
2019-03-17 02:22:09,740 - toptechtool - # ------------------- Follow -------------------
2019-03-17 02:22:09,740 - toptechtool - # ------------------- Unfollow -------------------
2019-03-17 02:22:09,740 - toptechtool - # ------------------- Comment -------------------
2019-03-17 02:22:14,741 - toptechtool - # ------------------- Like -------------------
2019-03-17 02:22:14,741 - toptechtool - # ------------------- Follow -------------------
2019-03-17 02:22:14,741 - toptechtool - # ------------------- Unfollow -------------------
2019-03-17 02:22:14,741 - toptechtool - # ------------------- Comment -------------------
2019-03-17 02:22:19,742 - toptechtool - # ------------------- Like -------------------
2019-03-17 02:22:19,743 - toptechtool - # ------------------- Follow -------------------
2019-03-17 02:22:19,743 - toptechtool - # ------------------- Unfollow -------------------
2019-03-17 02:22:19,743 - toptechtool - # ------------------- Comment -------------------
2019-03-17 02:22:24,743 - toptechtool - # ------------------- Like -------------------
2019-03-17 02:22:24,743 - toptechtool - # ------------------- Follow -------------------
2019-03-17 02:22:24,743 - toptechtool - # ------------------- Unfollow -------------------
2019-03-17 02:22:24,744 - toptechtool - # ------------------- Comment -------------------
2019-03-17 02:22:29,745 - toptechtool - # ------------------- Like -------------------
2019-03-17 02:22:29,745 - toptechtool - # ------------------- Follow -------------------
2019-03-17 02:22:29,745 - toptechtool - # ------------------- Unfollow -------------------
2019-03-17 02:22:29,745 - toptechtool - # ------------------- Comment -------------------
2019-03-17 02:22:34,745 - toptechtool - # ------------------- Like -------------------
2019-03-17 02:22:34,746 - toptechtool - # ------------------- Follow -------------------
2019-03-17 02:22:34,746 - toptechtool - # ------------------- Unfollow -------------------
2019-03-17 02:22:34,746 - toptechtool - # ------------------- Comment -------------------
2019-03-17 02:22:39,746 - toptechtool - # ------------------- Like -------------------
2019-03-17 02:22:39,747 - toptechtool - # ------------------- Follow -------------------
2019-03-17 02:22:39,747 - toptechtool - # ------------------- Unfollow -------------------
2019-03-17 02:22:39,747 - toptechtool - # ------------------- Comment -------------------
2019-03-17 02:22:44,747 - toptechtool - # ------------------- Like -------------------
2019-03-17 02:22:44,747 - toptechtool - # ------------------- Follow -------------------
2019-03-17 02:22:44,748 - toptechtool - # ------------------- Unfollow -------------------
2019-03-17 02:22:44,748 - toptechtool - # ------------------- Comment -------------------
2019-03-17 02:22:49,748 - toptechtool - # ------------------- Like -------------------
2019-03-17 02:22:49,748 - toptechtool - # ------------------- Follow -------------------
2019-03-17 02:22:49,748 - toptechtool - # ------------------- Unfollow -------------------
2019-03-17 02:22:49,748 - toptechtool - # ------------------- Comment -------------------
2019-03-17 02:22:54,749 - toptechtool - # ------------------- Like -------------------
2019-03-17 02:22:54,749 - toptechtool - # ------------------- Follow -------------------
2019-03-17 02:22:54,749 - toptechtool - # ------------------- Unfollow -------------------
2019-03-17 02:22:54,749 - toptechtool - # ------------------- Comment -------------------
2019-03-17 02:22:59,750 - toptechtool - # ------------------- Like -------------------
2019-03-17 02:22:59,750 - toptechtool - # ------------------- Follow -------------------
2019-03-17 02:22:59,750 - toptechtool - # ------------------- Unfollow -------------------
2019-03-17 02:22:59,750 - toptechtool - # ------------------- Comment -------------------
2019-03-17 02:23:04,751 - toptechtool - # ------------------- Like -------------------
2019-03-17 02:23:04,754 - toptechtool - Trying to like media: 2001190802697903321
2019-03-17 02:23:05,558 - toptechtool - Liked: 2001190802697903321. Like #3.
2019-03-17 02:23:05,558 - toptechtool - # ------------------- Follow -------------------
2019-03-17 02:23:05,558 - toptechtool - # ------------------- Unfollow -------------------
2019-03-17 02:23:05,558 - toptechtool - # ------------------- Comment -------------------
2019-03-17 02:23:10,564 - toptechtool - # ------------------- Like -------------------
2019-03-17 02:23:10,564 - toptechtool - # ------------------- Follow -------------------
2019-03-17 02:23:10,564 - toptechtool - # ------------------- Unfollow -------------------
2019-03-17 02:23:10,564 - toptechtool - # ------------------- Comment -------------------
2019-03-17 02:23:15,569 - toptechtool - # ------------------- Like -------------------
2019-03-17 02:23:15,569 - toptechtool - # ------------------- Follow -------------------
2019-03-17 02:23:15,570 - toptechtool - # ------------------- Unfollow -------------------
2019-03-17 02:23:15,570 - toptechtool - # ------------------- Comment -------------------
2019-03-17 02:23:20,575 - toptechtool - # ------------------- Like -------------------
2019-03-17 02:23:20,575 - toptechtool - # ------------------- Follow -------------------
2019-03-17 02:23:20,575 - toptechtool - # ------------------- Unfollow -------------------
2019-03-17 02:23:20,575 - toptechtool - # ------------------- Comment -------------------
2019-03-17 02:23:25,580 - toptechtool - # ------------------- Like -------------------
2019-03-17 02:23:25,581 - toptechtool - # ------------------- Follow -------------------
2019-03-17 02:23:25,581 - toptechtool - # ------------------- Unfollow -------------------
2019-03-17 02:23:25,581 - toptechtool - # ------------------- Comment -------------------
2019-03-17 02:23:30,586 - toptechtool - # ------------------- Like -------------------
2019-03-17 02:23:30,586 - toptechtool - # ------------------- Follow -------------------
2019-03-17 02:23:30,586 - toptechtool - # ------------------- Unfollow -------------------
2019-03-17 02:23:30,586 - toptechtool - # ------------------- Comment -------------------
2019-03-17 02:23:35,592 - toptechtool - # ------------------- Like -------------------
2019-03-17 02:23:35,592 - toptechtool - # ------------------- Follow -------------------
2019-03-17 02:23:35,592 - toptechtool - # ------------------- Unfollow -------------------
2019-03-17 02:23:35,592 - toptechtool - # ------------------- Comment -------------------
2019-03-17 02:23:40,597 - toptechtool - # ------------------- Like -------------------
2019-03-17 02:23:40,597 - toptechtool - # ------------------- Follow -------------------
2019-03-17 02:23:40,597 - toptechtool - # ------------------- Unfollow -------------------
2019-03-17 02:23:40,597 - toptechtool - # ------------------- Comment -------------------
2019-03-17 02:23:45,603 - toptechtool - # ------------------- Like -------------------
2019-03-17 02:23:45,603 - toptechtool - # ------------------- Follow -------------------
2019-03-17 02:23:45,603 - toptechtool - # ------------------- Unfollow -------------------
2019-03-17 02:23:45,603 - toptechtool - # ------------------- Comment -------------------
2019-03-17 02:23:50,608 - toptechtool - # ------------------- Like -------------------
2019-03-17 02:23:50,608 - toptechtool - # ------------------- Follow -------------------
2019-03-17 02:23:50,609 - toptechtool - # ------------------- Unfollow -------------------
2019-03-17 02:23:50,609 - toptechtool - # ------------------- Comment -------------------
2019-03-17 02:23:55,614 - toptechtool - # ------------------- Like -------------------
2019-03-17 02:23:55,614 - toptechtool - # ------------------- Follow -------------------
2019-03-17 02:23:55,614 - toptechtool - # ------------------- Unfollow -------------------
2019-03-17 02:23:55,614 - toptechtool - # ------------------- Comment -------------------
2019-03-17 02:24:00,620 - toptechtool - # ------------------- Like -------------------
2019-03-17 02:24:00,620 - toptechtool - # ------------------- Follow -------------------
2019-03-17 02:24:00,620 - toptechtool - # ------------------- Unfollow -------------------
2019-03-17 02:24:00,620 - toptechtool - # ------------------- Comment -------------------
2019-03-17 02:24:05,625 - toptechtool - # ------------------- Like -------------------
2019-03-17 02:24:05,625 - toptechtool - # ------------------- Follow -------------------
2019-03-17 02:24:05,627 - toptechtool - Trying to follow: 1769625634
2019-03-17 02:24:06,291 - toptechtool - Followed: 1769625634 #2.
2019-03-17 02:24:07,286 - toptechtool - # ------------------- Unfollow -------------------
2019-03-17 02:24:07,287 - toptechtool - # ------------------- Comment -------------------
2019-03-17 02:24:12,292 - toptechtool - # ------------------- Like -------------------
2019-03-17 02:24:12,292 - toptechtool - # ------------------- Follow -------------------
2019-03-17 02:24:12,292 - toptechtool - # ------------------- Unfollow -------------------
2019-03-17 02:24:12,292 - toptechtool - Trying to unfollow #2:
2019-03-17 02:24:12,301 - toptechtool - Getting user info : planoaltoconsultoria
2019-03-17 02:24:13,091 - toptechtool - Checking user info..
2019-03-17 02:24:13,092 - toptechtool - Follower : 30
2019-03-17 02:24:13,092 - toptechtool - Following : 25
2019-03-17 02:24:13,092 - toptechtool - Media : 9
2019-03-17 02:24:13,092 - toptechtool -    >>>This is a normal account
2019-03-17 02:24:13,092 - toptechtool -    >>>This user is active
2019-03-17 02:24:13,092 - toptechtool -    >>>This account is NOT following you
2019-03-17 02:24:13,092 - toptechtool -    >>>You are following this account
2019-03-17 02:24:13,092 - toptechtool - planoaltoconsultoria
2019-03-17 02:24:13,688 - toptechtool - Unfollowed: 10736120951 #2.
2019-03-17 02:24:13,703 - toptechtool - # ------------------- Comment -------------------
2019-03-17 02:24:18,708 - toptechtool - # ------------------- Like -------------------
2019-03-17 02:24:18,708 - toptechtool - # ------------------- Follow -------------------
2019-03-17 02:24:18,708 - toptechtool - # ------------------- Unfollow -------------------
2019-03-17 02:24:18,709 - toptechtool - # ------------------- Comment -------------------
2019-03-17 02:24:23,714 - toptechtool - # ------------------- Like -------------------
2019-03-17 02:24:23,714 - toptechtool - # ------------------- Follow -------------------
2019-03-17 02:24:23,714 - toptechtool - # ------------------- Unfollow -------------------
2019-03-17 02:24:23,714 - toptechtool - # ------------------- Comment -------------------
2019-03-17 02:24:28,719 - toptechtool - # ------------------- Like -------------------
2019-03-17 02:24:28,720 - toptechtool - # ------------------- Follow -------------------
2019-03-17 02:24:28,720 - toptechtool - # ------------------- Unfollow -------------------
2019-03-17 02:24:28,720 - toptechtool - # ------------------- Comment -------------------
2019-03-17 02:24:33,725 - toptechtool - Get Media by tag: tecnología
2019-03-17 02:24:36,466 - toptechtool - Removing already liked medias..
2019-03-17 02:24:36,650 - toptechtool - # ------------------- Like -------------------
2019-03-17 02:24:36,650 - toptechtool - # ------------------- Follow -------------------
2019-03-17 02:24:36,650 - toptechtool - # ------------------- Unfollow -------------------
2019-03-17 02:24:36,650 - toptechtool - # ------------------- Comment -------------------
2019-03-17 02:24:41,655 - toptechtool - # ------------------- Like -------------------
2019-03-17 02:24:41,655 - toptechtool - # ------------------- Follow -------------------
2019-03-17 02:24:41,656 - toptechtool - # ------------------- Unfollow -------------------
2019-03-17 02:24:41,656 - toptechtool - # ------------------- Comment -------------------
2019-03-17 02:24:46,661 - toptechtool - # ------------------- Like -------------------
2019-03-17 02:24:46,661 - toptechtool - # ------------------- Follow -------------------
2019-03-17 02:24:46,661 - toptechtool - # ------------------- Unfollow -------------------
2019-03-17 02:24:46,661 - toptechtool - # ------------------- Comment -------------------
